app/build/intermediates/manifest_merge_blame_file/debug/processDebugMainManifest/manifest-merger-blame-debug-report.txt
1<?xml version="1.0" encoding="utf-8"?>
2<manifest xmlns:android="http://schemas.android.com/apk/res/android"
3    package="alchemy.srsys"
4    android:versionCode="1"
5    android:versionName="1.0" >
6
7    <uses-sdk
8        android:minSdkVersion="26"
9        android:targetSdkVersion="35" />
10
11    <application
11-->src\main\AndroidManifest.xml:3:5-29:19
12        android:name="alchemy.srsys.application.MyApp"
12-->src\main\AndroidManifest.xml:4:9-42
13        android:allowBackup="true"
13-->src\main\AndroidManifest.xml:5:9-35
14        android:appComponentFactory="androidx.core.app.CoreComponentFactory"
14-->[androidx.core:core:1.7.0] AndroidManifest.xml:24:18-86
15        android:debuggable="true"
16        android:extractNativeLibs="false"
17        android:icon="@android:drawable/ic_menu_agenda"
17-->src\main\AndroidManifest.xml:6:9-56
18        android:label="Alchemy"
18-->src\main\AndroidManifest.xml:7:9-32
19        android:supportsRtl="true"
19-->src\main\AndroidManifest.xml:8:9-35
20        android:testOnly="true"
21        android:theme="@style/AppTheme" >
21-->src\main\AndroidManifest.xml:9:9-40
22
23        <!-- Login Activity -->
24        <activity
24-->src\main\AndroidManifest.xml:12:9-18:20
25            android:name="alchemy.srsys.UI.LoginActivity"
25-->src\main\AndroidManifest.xml:12:19-51
26            android:exported="true" >
26-->src\main\AndroidManifest.xml:13:13-36
27            <intent-filter>
27-->src\main\AndroidManifest.xml:14:13-17:29
28                <action android:name="android.intent.action.MAIN" />
28-->src\main\AndroidManifest.xml:15:17-69
28-->src\main\AndroidManifest.xml:15:25-66
29
30                <category android:name="android.intent.category.LAUNCHER" />
30-->src\main\AndroidManifest.xml:16:17-77
30-->src\main\AndroidManifest.xml:16:27-74
31            </intent-filter>
32        </activity>
33
34        <!-- Main Activity -->
35        <activity
35-->src\main\AndroidManifest.xml:21:9-23:20
36            android:name="alchemy.srsys.UI.MainActivity"
36-->src\main\AndroidManifest.xml:21:19-50
37            android:exported="true" >
37-->src\main\AndroidManifest.xml:22:13-36
38        </activity>
39
40        <!-- Register Activity -->
41        <activity
41-->src\main\AndroidManifest.xml:26:9-28:20
42            android:name="alchemy.srsys.UI.RegisterActivity"
42-->src\main\AndroidManifest.xml:26:19-54
43            android:exported="true" >
43-->src\main\AndroidManifest.xml:27:13-36
44        </activity>
45    </application>
46
47</manifest>